<?xml version="1.0" encoding="UTF-8"?>
<!-- Generated by org.testng.reporters.JUnitReportReporter -->
<testsuite hostname="DESKTOP-PUNUTSL" failures="0" tests="1" name="test_2_testNG.test_scroll_handle" time="15.801" errors="0" timestamp="2022-08-17T08:36:17 IST" skipped="0">
  <testcase classname="test_2_testNG.test_scroll_handle" name="Scroll_handle" time="15.801"/>
  <system-out/>
</testsuite> <!-- test_2_testNG.test_scroll_handle -->
