<?xml version="1.0" encoding="UTF-8"?>
<!-- Generated by org.testng.reporters.JUnitReportReporter -->
<testsuite hostname="DESKTOP-PUNUTSL" failures="0" tests="2" name="test_2_testNG.test_4" time="11.942" errors="0" timestamp="2022-08-12T09:00:18 IST" skipped="0">
  <testcase classname="test_2_testNG.test_4" name="T2" time="7.715"/>
  <system-out/>
  <testcase classname="test_2_testNG.test_4" name="T1" time="4.227"/>
  <system-out/>
</testsuite> <!-- test_2_testNG.test_4 -->
