<?xml version="1.0" encoding="UTF-8"?>
<!-- Generated by org.testng.reporters.JUnitReportReporter -->
<testsuite hostname="DESKTOP-PUNUTSL" failures="0" tests="1" name="test_2_testNG.test_1" time="13.575" errors="0" timestamp="2022-08-09T19:05:46 IST" skipped="0">
  <testcase classname="test_2_testNG.test_1" name="test_tc_001" time="13.575"/>
  <system-out/>
</testsuite> <!-- test_2_testNG.test_1 -->
