<?xml version="1.0" encoding="UTF-8"?>
<!-- Generated by org.testng.reporters.JUnitReportReporter -->
<testsuite hostname="DESKTOP-PUNUTSL" failures="0" tests="4" name="test_2_testNG.test_3" time="27.955" errors="0" timestamp="2022-08-12T08:55:27 IST" skipped="0">
  <testcase classname="test_2_testNG.test_3" name="T1" time="10.092"/>
  <system-out/>
  <testcase classname="test_2_testNG.test_3" name="T3" time="5.648"/>
  <system-out/>
  <testcase classname="test_2_testNG.test_3" name="T4" time="6.097"/>
  <system-out/>
  <testcase classname="test_2_testNG.test_3" name="T2" time="6.118"/>
  <system-out/>
</testsuite> <!-- test_2_testNG.test_3 -->
