<?xml version="1.0" encoding="UTF-8"?>
<!-- Generated by org.testng.reporters.JUnitReportReporter -->
<testsuite hostname="DESKTOP-PUNUTSL" failures="0" tests="1" name="test_2_testNG.test_2" time="0.009" errors="0" timestamp="2022-08-12T08:42:07 IST" skipped="0">
  <testcase classname="test_2_testNG.test_2" name="T1" time="0.009"/>
  <system-out/>
</testsuite> <!-- test_2_testNG.test_2 -->
